*************************************************************
****                                                     ****
****            Output from PHASE v2.1.1                 ****
****  Code by M Stephens, with contributions from N Li   ****
****                                                     ****
*************************************************************

BEGIN COMMAND_LINE 
PHASE -S332554 example2.txt example2.1.out 
END COMMAND_LINE 

BEGIN OUTFILE_LIST
example2.1.out_freqs : haplotype frequency estimates
example2.1.out_pairs : most likely haplotype pairs for each individual
example2.1.out_recom : estimates of recombination parameters
example2.1.out_monitor : file for monitoring convergence
END OUTFILE_LIST

BEGIN INPUT_SUMMARY
Number of Individuals: 8
Number of Loci: 3
Positions of loci: 100 200 300 
END INPUT_SUMMARY

List of haplotypes found in best reconstruction, with counts.
(See file example2.1.out_freqs for haplotype population frequency estimates)

BEGIN LIST_SUMMARY
         1         000    4.000000
         2         001    2.000000
         3         010    1.000000
         4         011    1.000000
         5         100    1.000000
         6         101    1.000000
         7         110    2.000000
         8         111    4.000000
END LIST_SUMMARY


Summary of best reconstruction
(numbers refer to the list of haplotypes given above)

BEGIN BESTPAIRS_SUMMARY
#1: (1,2)
#2: (1,8)
#3: (3,8)
#4: (5,8)
#5: (1,4)
#6: (6,7)
#7: (2,8)
#8: (1,7)
END BESTPAIRS_SUMMARY


Haplotype estimates for each individual, with uncertain phases enclosed in ()
and uncertain genotypes enclosed in []:

BEGIN BESTPAIRS1
0 #1
0 0 0 
0 0 1 
0 #2
(0) (0) (0) 
(1) (1) (1) 
0 #3
(0) 1 0 
(1) 1 1 
0 #4
1 (0) 0 
1 (1) 1 
0 #5
0 (0) 0 
0 (1) 1 
0 #6
1 (0) 1 
1 (1) 0 
0 #7
(0) 0 1 
(1) 1 1 
0 #8
(0) 0 0 
(1) 1 0 
END BESTPAIRS1


Haplotype estimates for each individual, with uncertain phases enclosed in ()
and uncertain genotypes enclosed in []
with phase known positions indicated by =

BEGIN BESTPAIRS2
0 #1
= = 0 
= = 1 
0 #2
(0) (0) (0) 
(1) (1) (1) 
0 #3
(0) = 0 
(1) = 1 
0 #4
= (0) 0 
= (1) 1 
0 #5
= (0) 0 
= (1) 1 
0 #6
= (0) 1 
= (1) 0 
0 #7
(0) 0 = 
(1) 1 = 
0 #8
(0) 0 = 
(1) 1 = 
END BESTPAIRS2


Phase probabilities at each site
with phase known positions indicated by =
and missing data positions indicated by ?

BEGIN PHASEPROBS
= = 1.00 
0.75 0.75 0.75 
0.50 = 1.00 
= 0.50 1.00 
= 0.50 1.00 
= 0.50 1.00 
0.51 1.00 = 
0.50 1.00 = 
END PHASEPROBS
